[2019-11-04 08:05:52] local.ERROR: Invalid argument supplied for foreach() (View: /Users/wawanrvnz/Documents/kesato/laravelcmsv2/resources/views/frontend/errors/404.blade.php) {"exception":"[object] (ErrorException(code: 0): Invalid argument supplied for foreach() (View: /Users/wawanrvnz/Documents/kesato/laravelcmsv2/resources/views/frontend/errors/404.blade.php) at /Users/wawanrvnz/Documents/kesato/laravelcmsv2/storage/framework/views/57e7e38ea99dca958d411a8734f21c7f4578cc23.php:108, ErrorException(code: 0): Invalid argument supplied for foreach() at /Users/wawanrvnz/Documents/kesato/laravelcmsv2/storage/framework/views/57e7e38ea99dca958d411a8734f21c7f4578cc23.php:108)
[stacktrace]
#0 /Users/wawanrvnz/Documents/kesato/laravelcmsv2/vendor/laravel/framework/src/Illuminate/View/Engines/PhpEngine.php(45): Illuminate\\View\\Engines\\CompilerEngine->handleViewException(Object(ErrorException), 0)
#1 /Users/wawanrvnz/Documents/kesato/laravelcmsv2/vendor/laravel/framework/src/Illuminate/View/Engines/CompilerEngine.php(59): Illuminate\\View\\Engines\\PhpEngine->evaluatePath('/Users/wawanrvn...', Array)
#2 /Users/wawanrvnz/Documents/kesato/laravelcmsv2/vendor/laravel/framework/src/Illuminate/View/View.php(137): Illuminate\\View\\Engines\\CompilerEngine->get('/Users/wawanrvn...', Array)
#3 /Users/wawanrvnz/Documents/kesato/laravelcmsv2/vendor/laravel/framework/src/Illuminate/View/View.php(120): Illuminate\\View\\View->getContents()
#4 /Users/wawanrvnz/Documents/kesato/laravelcmsv2/vendor/laravel/framework/src/Illuminate/View/View.php(85): Illuminate\\View\\View->renderContents()
#5 /Users/wawanrvnz/Documents/kesato/laravelcmsv2/vendor/laravel/framework/src/Illuminate/Http/Response.php(42): Illuminate\\View\\View->render()
#6 /Users/wawanrvnz/Documents/kesato/laravelcmsv2/vendor/symfony/http-foundation/Response.php(206): Illuminate\\Http\\Response->setContent(Object(Illuminate\\View\\View))
#7 /Users/wawanrvnz/Documents/kesato/laravelcmsv2/vendor/laravel/framework/src/Illuminate/Routing/ResponseFactory.php(55): Symfony\\Component\\HttpFoundation\\Response->__construct(Object(Illuminate\\View\\View), 404, Array)
#8 /Users/wawanrvnz/Documents/kesato/laravelcmsv2/vendor/laravel/framework/src/Illuminate/Routing/ResponseFactory.php(69): Illuminate\\Routing\\ResponseFactory->make(Object(Illuminate\\View\\View), 404, Array)
#9 /Users/wawanrvnz/Documents/kesato/laravelcmsv2/app/Exceptions/Handler.php(52): Illuminate\\Routing\\ResponseFactory->view('frontend.errors...', Array, 404)
#10 /Users/wawanrvnz/Documents/kesato/laravelcmsv2/vendor/laravel/framework/src/Illuminate/Routing/Pipeline.php(83): App\\Exceptions\\Handler->render(Object(Illuminate\\Http\\Request), Object(Symfony\\Component\\HttpKernel\\Exception\\NotFoundHttpException))
#11 /Users/wawanrvnz/Documents/kesato/laravelcmsv2/vendor/laravel/framework/src/Illuminate/Routing/Pipeline.php(32): Illuminate\\Routing\\Pipeline->handleException(Object(Illuminate\\Http\\Request), Object(Symfony\\Component\\HttpKernel\\Exception\\NotFoundHttpException))
#12 /Users/wawanrvnz/Documents/kesato/laravelcmsv2/vendor/laravel/framework/src/Illuminate/Foundation/Http/Middleware/CheckForMaintenanceMode.php(46): Illuminate\\Routing\\Pipeline->Illuminate\\Routing\\{closure}(Object(Illuminate\\Http\\Request))
#13 /Users/wawanrvnz/Documents/kesato/laravelcmsv2/vendor/laravel/framework/src/Illuminate/Pipeline/Pipeline.php(149): Illuminate\\Foundation\\Http\\Middleware\\CheckForMaintenanceMode->handle(Object(Illuminate\\Http\\Request), Object(Closure))
#14 /Users/wawanrvnz/Documents/kesato/laravelcmsv2/vendor/laravel/framework/src/Illuminate/Routing/Pipeline.php(53): Illuminate\\Pipeline\\Pipeline->Illuminate\\Pipeline\\{closure}(Object(Illuminate\\Http\\Request))
#15 /Users/wawanrvnz/Documents/kesato/laravelcmsv2/vendor/laravel/framework/src/Illuminate/Pipeline/Pipeline.php(102): Illuminate\\Routing\\Pipeline->Illuminate\\Routing\\{closure}(Object(Illuminate\\Http\\Request))
#16 /Users/wawanrvnz/Documents/kesato/laravelcmsv2/vendor/laravel/framework/src/Illuminate/Foundation/Http/Kernel.php(151): Illuminate\\Pipeline\\Pipeline->then(Object(Closure))
#17 /Users/wawanrvnz/Documents/kesato/laravelcmsv2/vendor/laravel/framework/src/Illuminate/Foundation/Http/Kernel.php(116): Illuminate\\Foundation\\Http\\Kernel->sendRequestThroughRouter(Object(Illuminate\\Http\\Request))
#18 /Users/wawanrvnz/Documents/kesato/laravelcmsv2/public/index.php(53): Illuminate\\Foundation\\Http\\Kernel->handle(Object(Illuminate\\Http\\Request))
#19 {main}
"} 
[2019-11-04 08:05:52] local.ERROR: Invalid argument supplied for foreach() (View: /Users/wawanrvnz/Documents/kesato/laravelcmsv2/resources/views/frontend/errors/404.blade.php) {"exception":"[object] (ErrorException(code: 0): Invalid argument supplied for foreach() (View: /Users/wawanrvnz/Documents/kesato/laravelcmsv2/resources/views/frontend/errors/404.blade.php) at /Users/wawanrvnz/Documents/kesato/laravelcmsv2/storage/framework/views/57e7e38ea99dca958d411a8734f21c7f4578cc23.php:108, ErrorException(code: 0): Invalid argument supplied for foreach() at /Users/wawanrvnz/Documents/kesato/laravelcmsv2/storage/framework/views/57e7e38ea99dca958d411a8734f21c7f4578cc23.php:108)
[stacktrace]
#0 /Users/wawanrvnz/Documents/kesato/laravelcmsv2/vendor/laravel/framework/src/Illuminate/View/Engines/PhpEngine.php(45): Illuminate\\View\\Engines\\CompilerEngine->handleViewException(Object(ErrorException), 0)
#1 /Users/wawanrvnz/Documents/kesato/laravelcmsv2/vendor/laravel/framework/src/Illuminate/View/Engines/CompilerEngine.php(59): Illuminate\\View\\Engines\\PhpEngine->evaluatePath('/Users/wawanrvn...', Array)
#2 /Users/wawanrvnz/Documents/kesato/laravelcmsv2/vendor/laravel/framework/src/Illuminate/View/View.php(137): Illuminate\\View\\Engines\\CompilerEngine->get('/Users/wawanrvn...', Array)
#3 /Users/wawanrvnz/Documents/kesato/laravelcmsv2/vendor/laravel/framework/src/Illuminate/View/View.php(120): Illuminate\\View\\View->getContents()
#4 /Users/wawanrvnz/Documents/kesato/laravelcmsv2/vendor/laravel/framework/src/Illuminate/View/View.php(85): Illuminate\\View\\View->renderContents()
#5 /Users/wawanrvnz/Documents/kesato/laravelcmsv2/vendor/laravel/framework/src/Illuminate/Http/Response.php(42): Illuminate\\View\\View->render()
#6 /Users/wawanrvnz/Documents/kesato/laravelcmsv2/vendor/symfony/http-foundation/Response.php(206): Illuminate\\Http\\Response->setContent(Object(Illuminate\\View\\View))
#7 /Users/wawanrvnz/Documents/kesato/laravelcmsv2/vendor/laravel/framework/src/Illuminate/Routing/ResponseFactory.php(55): Symfony\\Component\\HttpFoundation\\Response->__construct(Object(Illuminate\\View\\View), 404, Array)
#8 /Users/wawanrvnz/Documents/kesato/laravelcmsv2/vendor/laravel/framework/src/Illuminate/Routing/ResponseFactory.php(69): Illuminate\\Routing\\ResponseFactory->make(Object(Illuminate\\View\\View), 404, Array)
#9 /Users/wawanrvnz/Documents/kesato/laravelcmsv2/app/Exceptions/Handler.php(52): Illuminate\\Routing\\ResponseFactory->view('frontend.errors...', Array, 404)
#10 /Users/wawanrvnz/Documents/kesato/laravelcmsv2/vendor/laravel/framework/src/Illuminate/Routing/Pipeline.php(83): App\\Exceptions\\Handler->render(Object(Illuminate\\Http\\Request), Object(Symfony\\Component\\HttpKernel\\Exception\\NotFoundHttpException))
#11 /Users/wawanrvnz/Documents/kesato/laravelcmsv2/vendor/laravel/framework/src/Illuminate/Routing/Pipeline.php(32): Illuminate\\Routing\\Pipeline->handleException(Object(Illuminate\\Http\\Request), Object(Symfony\\Component\\HttpKernel\\Exception\\NotFoundHttpException))
#12 /Users/wawanrvnz/Documents/kesato/laravelcmsv2/vendor/laravel/framework/src/Illuminate/Foundation/Http/Middleware/CheckForMaintenanceMode.php(46): Illuminate\\Routing\\Pipeline->Illuminate\\Routing\\{closure}(Object(Illuminate\\Http\\Request))
#13 /Users/wawanrvnz/Documents/kesato/laravelcmsv2/vendor/laravel/framework/src/Illuminate/Pipeline/Pipeline.php(149): Illuminate\\Foundation\\Http\\Middleware\\CheckForMaintenanceMode->handle(Object(Illuminate\\Http\\Request), Object(Closure))
#14 /Users/wawanrvnz/Documents/kesato/laravelcmsv2/vendor/laravel/framework/src/Illuminate/Routing/Pipeline.php(53): Illuminate\\Pipeline\\Pipeline->Illuminate\\Pipeline\\{closure}(Object(Illuminate\\Http\\Request))
#15 /Users/wawanrvnz/Documents/kesato/laravelcmsv2/vendor/laravel/framework/src/Illuminate/Pipeline/Pipeline.php(102): Illuminate\\Routing\\Pipeline->Illuminate\\Routing\\{closure}(Object(Illuminate\\Http\\Request))
#16 /Users/wawanrvnz/Documents/kesato/laravelcmsv2/vendor/laravel/framework/src/Illuminate/Foundation/Http/Kernel.php(151): Illuminate\\Pipeline\\Pipeline->then(Object(Closure))
#17 /Users/wawanrvnz/Documents/kesato/laravelcmsv2/vendor/laravel/framework/src/Illuminate/Foundation/Http/Kernel.php(116): Illuminate\\Foundation\\Http\\Kernel->sendRequestThroughRouter(Object(Illuminate\\Http\\Request))
#18 /Users/wawanrvnz/Documents/kesato/laravelcmsv2/public/index.php(53): Illuminate\\Foundation\\Http\\Kernel->handle(Object(Illuminate\\Http\\Request))
#19 {main}
"} 
[2019-11-04 08:12:52] local.ERROR: Invalid argument supplied for foreach() (View: /Users/wawanrvnz/Documents/kesato/laravelcmsv2/resources/views/frontend/errors/404.blade.php) {"exception":"[object] (ErrorException(code: 0): Invalid argument supplied for foreach() (View: /Users/wawanrvnz/Documents/kesato/laravelcmsv2/resources/views/frontend/errors/404.blade.php) at /Users/wawanrvnz/Documents/kesato/laravelcmsv2/storage/framework/views/57e7e38ea99dca958d411a8734f21c7f4578cc23.php:108, ErrorException(code: 0): Invalid argument supplied for foreach() at /Users/wawanrvnz/Documents/kesato/laravelcmsv2/storage/framework/views/57e7e38ea99dca958d411a8734f21c7f4578cc23.php:108)
[stacktrace]
#0 /Users/wawanrvnz/Documents/kesato/laravelcmsv2/vendor/laravel/framework/src/Illuminate/View/Engines/PhpEngine.php(45): Illuminate\\View\\Engines\\CompilerEngine->handleViewException(Object(ErrorException), 0)
#1 /Users/wawanrvnz/Documents/kesato/laravelcmsv2/vendor/laravel/framework/src/Illuminate/View/Engines/CompilerEngine.php(59): Illuminate\\View\\Engines\\PhpEngine->evaluatePath('/Users/wawanrvn...', Array)
#2 /Users/wawanrvnz/Documents/kesato/laravelcmsv2/vendor/laravel/framework/src/Illuminate/View/View.php(137): Illuminate\\View\\Engines\\CompilerEngine->get('/Users/wawanrvn...', Array)
#3 /Users/wawanrvnz/Documents/kesato/laravelcmsv2/vendor/laravel/framework/src/Illuminate/View/View.php(120): Illuminate\\View\\View->getContents()
#4 /Users/wawanrvnz/Documents/kesato/laravelcmsv2/vendor/laravel/framework/src/Illuminate/View/View.php(85): Illuminate\\View\\View->renderContents()
#5 /Users/wawanrvnz/Documents/kesato/laravelcmsv2/vendor/laravel/framework/src/Illuminate/Http/Response.php(42): Illuminate\\View\\View->render()
#6 /Users/wawanrvnz/Documents/kesato/laravelcmsv2/vendor/symfony/http-foundation/Response.php(206): Illuminate\\Http\\Response->setContent(Object(Illuminate\\View\\View))
#7 /Users/wawanrvnz/Documents/kesato/laravelcmsv2/vendor/laravel/framework/src/Illuminate/Routing/ResponseFactory.php(55): Symfony\\Component\\HttpFoundation\\Response->__construct(Object(Illuminate\\View\\View), 404, Array)
#8 /Users/wawanrvnz/Documents/kesato/laravelcmsv2/vendor/laravel/framework/src/Illuminate/Routing/ResponseFactory.php(69): Illuminate\\Routing\\ResponseFactory->make(Object(Illuminate\\View\\View), 404, Array)
#9 /Users/wawanrvnz/Documents/kesato/laravelcmsv2/app/Exceptions/Handler.php(52): Illuminate\\Routing\\ResponseFactory->view('frontend.errors...', Array, 404)
#10 /Users/wawanrvnz/Documents/kesato/laravelcmsv2/vendor/laravel/framework/src/Illuminate/Routing/Pipeline.php(83): App\\Exceptions\\Handler->render(Object(Illuminate\\Http\\Request), Object(Symfony\\Component\\HttpKernel\\Exception\\NotFoundHttpException))
#11 /Users/wawanrvnz/Documents/kesato/laravelcmsv2/vendor/laravel/framework/src/Illuminate/Routing/Pipeline.php(32): Illuminate\\Routing\\Pipeline->handleException(Object(Illuminate\\Http\\Request), Object(Symfony\\Component\\HttpKernel\\Exception\\NotFoundHttpException))
#12 /Users/wawanrvnz/Documents/kesato/laravelcmsv2/vendor/laravel/framework/src/Illuminate/Foundation/Http/Middleware/CheckForMaintenanceMode.php(46): Illuminate\\Routing\\Pipeline->Illuminate\\Routing\\{closure}(Object(Illuminate\\Http\\Request))
#13 /Users/wawanrvnz/Documents/kesato/laravelcmsv2/vendor/laravel/framework/src/Illuminate/Pipeline/Pipeline.php(149): Illuminate\\Foundation\\Http\\Middleware\\CheckForMaintenanceMode->handle(Object(Illuminate\\Http\\Request), Object(Closure))
#14 /Users/wawanrvnz/Documents/kesato/laravelcmsv2/vendor/laravel/framework/src/Illuminate/Routing/Pipeline.php(53): Illuminate\\Pipeline\\Pipeline->Illuminate\\Pipeline\\{closure}(Object(Illuminate\\Http\\Request))
#15 /Users/wawanrvnz/Documents/kesato/laravelcmsv2/vendor/laravel/framework/src/Illuminate/Pipeline/Pipeline.php(102): Illuminate\\Routing\\Pipeline->Illuminate\\Routing\\{closure}(Object(Illuminate\\Http\\Request))
#16 /Users/wawanrvnz/Documents/kesato/laravelcmsv2/vendor/laravel/framework/src/Illuminate/Foundation/Http/Kernel.php(151): Illuminate\\Pipeline\\Pipeline->then(Object(Closure))
#17 /Users/wawanrvnz/Documents/kesato/laravelcmsv2/vendor/laravel/framework/src/Illuminate/Foundation/Http/Kernel.php(116): Illuminate\\Foundation\\Http\\Kernel->sendRequestThroughRouter(Object(Illuminate\\Http\\Request))
#18 /Users/wawanrvnz/Documents/kesato/laravelcmsv2/public/index.php(53): Illuminate\\Foundation\\Http\\Kernel->handle(Object(Illuminate\\Http\\Request))
#19 {main}
"} 
[2019-11-04 08:12:52] local.ERROR: Invalid argument supplied for foreach() (View: /Users/wawanrvnz/Documents/kesato/laravelcmsv2/resources/views/frontend/errors/404.blade.php) {"exception":"[object] (ErrorException(code: 0): Invalid argument supplied for foreach() (View: /Users/wawanrvnz/Documents/kesato/laravelcmsv2/resources/views/frontend/errors/404.blade.php) at /Users/wawanrvnz/Documents/kesato/laravelcmsv2/storage/framework/views/57e7e38ea99dca958d411a8734f21c7f4578cc23.php:108, ErrorException(code: 0): Invalid argument supplied for foreach() at /Users/wawanrvnz/Documents/kesato/laravelcmsv2/storage/framework/views/57e7e38ea99dca958d411a8734f21c7f4578cc23.php:108)
[stacktrace]
#0 /Users/wawanrvnz/Documents/kesato/laravelcmsv2/vendor/laravel/framework/src/Illuminate/View/Engines/PhpEngine.php(45): Illuminate\\View\\Engines\\CompilerEngine->handleViewException(Object(ErrorException), 0)
#1 /Users/wawanrvnz/Documents/kesato/laravelcmsv2/vendor/laravel/framework/src/Illuminate/View/Engines/CompilerEngine.php(59): Illuminate\\View\\Engines\\PhpEngine->evaluatePath('/Users/wawanrvn...', Array)
#2 /Users/wawanrvnz/Documents/kesato/laravelcmsv2/vendor/laravel/framework/src/Illuminate/View/View.php(137): Illuminate\\View\\Engines\\CompilerEngine->get('/Users/wawanrvn...', Array)
#3 /Users/wawanrvnz/Documents/kesato/laravelcmsv2/vendor/laravel/framework/src/Illuminate/View/View.php(120): Illuminate\\View\\View->getContents()
#4 /Users/wawanrvnz/Documents/kesato/laravelcmsv2/vendor/laravel/framework/src/Illuminate/View/View.php(85): Illuminate\\View\\View->renderContents()
#5 /Users/wawanrvnz/Documents/kesato/laravelcmsv2/vendor/laravel/framework/src/Illuminate/Http/Response.php(42): Illuminate\\View\\View->render()
#6 /Users/wawanrvnz/Documents/kesato/laravelcmsv2/vendor/symfony/http-foundation/Response.php(206): Illuminate\\Http\\Response->setContent(Object(Illuminate\\View\\View))
#7 /Users/wawanrvnz/Documents/kesato/laravelcmsv2/vendor/laravel/framework/src/Illuminate/Routing/ResponseFactory.php(55): Symfony\\Component\\HttpFoundation\\Response->__construct(Object(Illuminate\\View\\View), 404, Array)
#8 /Users/wawanrvnz/Documents/kesato/laravelcmsv2/vendor/laravel/framework/src/Illuminate/Routing/ResponseFactory.php(69): Illuminate\\Routing\\ResponseFactory->make(Object(Illuminate\\View\\View), 404, Array)
#9 /Users/wawanrvnz/Documents/kesato/laravelcmsv2/app/Exceptions/Handler.php(52): Illuminate\\Routing\\ResponseFactory->view('frontend.errors...', Array, 404)
#10 /Users/wawanrvnz/Documents/kesato/laravelcmsv2/vendor/laravel/framework/src/Illuminate/Routing/Pipeline.php(83): App\\Exceptions\\Handler->render(Object(Illuminate\\Http\\Request), Object(Symfony\\Component\\HttpKernel\\Exception\\NotFoundHttpException))
#11 /Users/wawanrvnz/Documents/kesato/laravelcmsv2/vendor/laravel/framework/src/Illuminate/Routing/Pipeline.php(32): Illuminate\\Routing\\Pipeline->handleException(Object(Illuminate\\Http\\Request), Object(Symfony\\Component\\HttpKernel\\Exception\\NotFoundHttpException))
#12 /Users/wawanrvnz/Documents/kesato/laravelcmsv2/vendor/laravel/framework/src/Illuminate/Foundation/Http/Middleware/CheckForMaintenanceMode.php(46): Illuminate\\Routing\\Pipeline->Illuminate\\Routing\\{closure}(Object(Illuminate\\Http\\Request))
#13 /Users/wawanrvnz/Documents/kesato/laravelcmsv2/vendor/laravel/framework/src/Illuminate/Pipeline/Pipeline.php(149): Illuminate\\Foundation\\Http\\Middleware\\CheckForMaintenanceMode->handle(Object(Illuminate\\Http\\Request), Object(Closure))
#14 /Users/wawanrvnz/Documents/kesato/laravelcmsv2/vendor/laravel/framework/src/Illuminate/Routing/Pipeline.php(53): Illuminate\\Pipeline\\Pipeline->Illuminate\\Pipeline\\{closure}(Object(Illuminate\\Http\\Request))
#15 /Users/wawanrvnz/Documents/kesato/laravelcmsv2/vendor/laravel/framework/src/Illuminate/Pipeline/Pipeline.php(102): Illuminate\\Routing\\Pipeline->Illuminate\\Routing\\{closure}(Object(Illuminate\\Http\\Request))
#16 /Users/wawanrvnz/Documents/kesato/laravelcmsv2/vendor/laravel/framework/src/Illuminate/Foundation/Http/Kernel.php(151): Illuminate\\Pipeline\\Pipeline->then(Object(Closure))
#17 /Users/wawanrvnz/Documents/kesato/laravelcmsv2/vendor/laravel/framework/src/Illuminate/Foundation/Http/Kernel.php(116): Illuminate\\Foundation\\Http\\Kernel->sendRequestThroughRouter(Object(Illuminate\\Http\\Request))
#18 /Users/wawanrvnz/Documents/kesato/laravelcmsv2/public/index.php(53): Illuminate\\Foundation\\Http\\Kernel->handle(Object(Illuminate\\Http\\Request))
#19 {main}
"} 
