[2019-11-03 14:56:40] production.ERROR: Class 'Oblagio\Instagram\InstagramServiceProvider' not found {"exception":"[object] (Symfony\\Component\\Debug\\Exception\\FatalThrowableError(code: 0): Class 'Oblagio\\Instagram\\InstagramServiceProvider' not found at /Users/wawanrvnz/Documents/kesato/laravelcmsv2/vendor/laravel/framework/src/Illuminate/Foundation/ProviderRepository.php:208)
[stacktrace]
#0 /Users/wawanrvnz/Documents/kesato/laravelcmsv2/vendor/laravel/framework/src/Illuminate/Foundation/ProviderRepository.php(144): Illuminate\\Foundation\\ProviderRepository->createProvider('Oblagio\\\\Instagr...')
#1 /Users/wawanrvnz/Documents/kesato/laravelcmsv2/vendor/laravel/framework/src/Illuminate/Foundation/ProviderRepository.php(61): Illuminate\\Foundation\\ProviderRepository->compileManifest(Array)
#2 /Users/wawanrvnz/Documents/kesato/laravelcmsv2/vendor/laravel/framework/src/Illuminate/Foundation/Application.php(561): Illuminate\\Foundation\\ProviderRepository->load(Array)
#3 /Users/wawanrvnz/Documents/kesato/laravelcmsv2/vendor/laravel/framework/src/Illuminate/Foundation/Bootstrap/RegisterProviders.php(17): Illuminate\\Foundation\\Application->registerConfiguredProviders()
#4 /Users/wawanrvnz/Documents/kesato/laravelcmsv2/vendor/laravel/framework/src/Illuminate/Foundation/Application.php(213): Illuminate\\Foundation\\Bootstrap\\RegisterProviders->bootstrap(Object(Illuminate\\Foundation\\Application))
#5 /Users/wawanrvnz/Documents/kesato/laravelcmsv2/vendor/laravel/framework/src/Illuminate/Foundation/Console/Kernel.php(296): Illuminate\\Foundation\\Application->bootstrapWith(Array)
#6 /Users/wawanrvnz/Documents/kesato/laravelcmsv2/vendor/laravel/framework/src/Illuminate/Foundation/Console/Kernel.php(119): Illuminate\\Foundation\\Console\\Kernel->bootstrap()
#7 /Users/wawanrvnz/Documents/kesato/laravelcmsv2/artisan(35): Illuminate\\Foundation\\Console\\Kernel->handle(Object(Symfony\\Component\\Console\\Input\\ArgvInput), Object(Symfony\\Component\\Console\\Output\\ConsoleOutput))
#8 {main}
"} 
[2019-11-03 14:58:30] production.ERROR: Class 'Oblagio\Instagram\InstagramServiceProvider' not found {"exception":"[object] (Symfony\\Component\\Debug\\Exception\\FatalThrowableError(code: 0): Class 'Oblagio\\Instagram\\InstagramServiceProvider' not found at /Users/wawanrvnz/Documents/kesato/laravelcmsv2/vendor/laravel/framework/src/Illuminate/Foundation/ProviderRepository.php:208)
[stacktrace]
#0 /Users/wawanrvnz/Documents/kesato/laravelcmsv2/vendor/laravel/framework/src/Illuminate/Foundation/ProviderRepository.php(144): Illuminate\\Foundation\\ProviderRepository->createProvider('Oblagio\\\\Instagr...')
#1 /Users/wawanrvnz/Documents/kesato/laravelcmsv2/vendor/laravel/framework/src/Illuminate/Foundation/ProviderRepository.php(61): Illuminate\\Foundation\\ProviderRepository->compileManifest(Array)
#2 /Users/wawanrvnz/Documents/kesato/laravelcmsv2/vendor/laravel/framework/src/Illuminate/Foundation/Application.php(561): Illuminate\\Foundation\\ProviderRepository->load(Array)
#3 /Users/wawanrvnz/Documents/kesato/laravelcmsv2/vendor/laravel/framework/src/Illuminate/Foundation/Bootstrap/RegisterProviders.php(17): Illuminate\\Foundation\\Application->registerConfiguredProviders()
#4 /Users/wawanrvnz/Documents/kesato/laravelcmsv2/vendor/laravel/framework/src/Illuminate/Foundation/Application.php(213): Illuminate\\Foundation\\Bootstrap\\RegisterProviders->bootstrap(Object(Illuminate\\Foundation\\Application))
#5 /Users/wawanrvnz/Documents/kesato/laravelcmsv2/vendor/laravel/framework/src/Illuminate/Foundation/Console/Kernel.php(296): Illuminate\\Foundation\\Application->bootstrapWith(Array)
#6 /Users/wawanrvnz/Documents/kesato/laravelcmsv2/vendor/laravel/framework/src/Illuminate/Foundation/Console/Kernel.php(119): Illuminate\\Foundation\\Console\\Kernel->bootstrap()
#7 /Users/wawanrvnz/Documents/kesato/laravelcmsv2/artisan(35): Illuminate\\Foundation\\Console\\Kernel->handle(Object(Symfony\\Component\\Console\\Input\\ArgvInput), Object(Symfony\\Component\\Console\\Output\\ConsoleOutput))
#8 {main}
"} 
